[2024-12-24 09:41:47] New product added: Infinix GT 20 Pro (ID: GWXV5K, Price: Rp 3,400,000, Stock: 16)
[2024-12-24 09:42:10] Edited product ID: IELMZJ
  Name: Samsung S24 → Samsung S24 Ultra
  Price: Rp 12,000,000 → Rp 12,000,000
  Stock: 22 → 22
[2024-12-24 09:42:21] Edited product ID: ZCXFLJ
  Name: Samsung S24 + → Samsung S24 + U
  Price: Rp 9,000,000 → Rp 9,000,000
  Stock: 9 → 9
[2024-12-24 09:42:30] Edited product ID: ZCXFLJ
  Name: Samsung S24 + U → Samsung S24 +
  Price: Rp 9,000,000 → Rp 9,000,000
  Stock: 9 → 9
[2024-12-24 09:47:41] Sale recorded: ID: 2FO8M4
  Product: Infinix GT 20 Pro (ID: GWXV5K)
  Date: 2024-12-24
  Quantity: 1
  Total: Rp 3,400,000
  Stock: 16 → 15
[2024-12-24 09:52:21] New product added: Samsung A55 (ID: E0RDLV, Price: Rp 5,990,000, Stock: 32)
