[2024-12-09 10:16:08] Produk baru ditambahkan: Samsung S24 Ultra (Price: Rp18,000,000, Stock: 20)
[2024-12-09 10:16:50] Recorded sale: Samsung S24 Ultra
  Date: 2024-12-09
  Quantity: 3
  Total: Rp54,000,000
  Stock: 20 → 17
[2024-12-09 10:17:04] Recorded sale: Samsung S24 Ultra
  Date: 2024-12-09
  Quantity: 1
  Total: Rp18,000,000
  Stock: 17 → 16
[2024-12-09 12:37:01] Produk baru ditambahkan: iPhone 12 Pro (Price: Rp20,000,000, Stock: 10)
[2024-12-09 13:02:15] Recorded sale: iPhone 12 Pro
  Date: 2024-12-09
  Quantity: 2
  Total: Rp40,000,000
  Stock: 10 → 8
[2024-12-09 13:02:23] Recorded sale: Samsung S24 Ultra
  Date: 2024-12-09
  Quantity: 2
  Total: Rp36,000,000
  Stock: 16 → 14
[2024-12-09 14:05:02] Produk baru ditambahkan: Huawei Matte Pad (Price: Rp2,000,000, Stock: 19)
[2024-12-09 14:06:33] Edited product: Huawei Matte Pad
  Price: Rp2,000,000 → Rp2,000,000
  Stock: 19 → 19
[2024-12-09 14:06:40] Edited product: Huawei Matte Pad
  Price: Rp2,000,000 → Rp2,000,000
  Stock: 19 → 900
[2024-12-09 14:06:47] Edited product: Huawei Matte Pad
  Price: Rp2,000,000 → Rp2,000,000
  Stock: 900 → 20
