[2024-12-30 11:36:20] Updated product: iPhone 12 (ID: 677142fb2edebb9aaf857ec8, Price: 13999000, Stock: 10)
[2024-12-30 11:38:06] Created new product: Samsung S24 (ID: 677223aebd73d265d8717848, Price: 8900000, Stock: 5)
[2024-12-30 11:39:55] New sale recorded:
  Product: iPhone 12
  Quantity: 5
  Total: 69995000
  Stock: 10 → 5
[2024-12-30 12:37:00] Created new product: Infinix Zero 30 (ID: 6772317bafd78ac1b956df3f, Price: 3499999, Stock: 30)
[2024-12-30 13:46:29] Updated product: Infinix Zero 30 (ID: 6772317bafd78ac1b956df3f, Price: 3499999, Stock: 10)
[2024-12-30 14:15:53] New sale recorded:
  Product: iPhone 12
  Quantity: 2
  Total: 27998000
  Stock: 5 → 3
[2024-12-30 14:16:02] Deleted sale: 6772241bbd73d265d8717849
Product: iPhone 12
Quantity: 5
Total: 69995000
[2024-12-30 14:16:29] New sale recorded:
  Product: iPhone 12
  Quantity: 1
  Total: 13999000
  Stock: 8 → 7
[2024-12-30 14:16:56] Deleted sale: 677248a9afd78ac1b956df40
Product: iPhone 12
Quantity: 2
Total: 27998000
[2024-12-30 14:17:36] Deleted sale: 677248ccafd78ac1b956df41
Product: iPhone 12
Quantity: 1
Total: 13999000
[2024-12-30 14:18:43] New sale recorded:
  Product: iPhone 12
  Quantity: 2
  Total: 27998000
  Stock: 10 → 8
[2024-12-30 14:19:59] New sale recorded:
  Product: iPhone 12
  Quantity: 1
  Total: 13999000
  Stock: 8 → 7
[2024-12-30 14:20:20] Deleted sale: 67724952afd78ac1b956df42
Product: iPhone 12
Quantity: 2
Total: 27998000
[2024-12-30 14:59:28] Sale updated:
  Transaction ID: 6772499eafd78ac1b956df43
  Product: iPhone 12
  Quantity: 3
  Total: 41997000
  Stock: 9 → 6
[2024-12-30 14:59:37] Deleted sale: 6772499eafd78ac1b956df43
Product: iPhone 12
Quantity: 3
Total: 41997000
[2024-12-30 14:59:51] New sale recorded:
  Product: iPhone 12
  Quantity: 2
  Total: 27998000
  Stock: 9 → 7
[2024-12-30 15:00:05] Sale updated:
  Transaction ID: 677252f728e41b07ffbfd09a
  Product: iPhone 12
  Quantity: 3
  Total: 41997000
  Stock: 7 → 4
[2024-12-30 15:02:18] Deleted sale: 677252f728e41b07ffbfd09a
Product: iPhone 12
Quantity: 3
Total: 41997000
[2024-12-30 15:09:50] New sale recorded:
  Product: iPhone 12
  Quantity: 3
  Total: 41997000
  Stock: 7 → 4
[2024-12-30 15:09:58] Sale updated:
  Transaction ID: 6772554e2fdf172263405a55
  Product: iPhone 12
  Quantity: 4
  Total: 55996000
  Stock: 4 → -4
[2024-12-30 15:10:55] Deleted product: iPhone 12 (ID: 677142fb2edebb9aaf857ec8)
[2024-12-30 15:11:00] Deleted sale: 6772554e2fdf172263405a55
Product: iPhone 12
Quantity: 4
Total: 55996000
[2024-12-30 15:11:07] New sale recorded:
  Product: Samsung S24
  Quantity: 2
  Total: 17800000
  Stock: 5 → 3
[2024-12-30 15:11:18] Sale updated:
  Transaction ID: 6772559b7f3adcbe639f6239
  Product: Samsung S24
  Quantity: 3
  Total: 26700000
  Stock: 3 → 3
[2024-12-30 15:12:50] Sale updated:
  Transaction ID: 6772559b7f3adcbe639f6239
  Product: Samsung S24
  Quantity: 2
  Total: 17800000
  Stock: 3 → 1
[2024-12-30 15:15:14] Updated product: Samsung S24 (ID: 677223aebd73d265d8717848, Price: 8900000, Stock: 10)
[2024-12-30 15:15:24] Sale updated:
  Transaction ID: 6772559b7f3adcbe639f6239
  Product: Samsung S24
  Quantity: 3
  Total: 26700000
  Stock: 13 → 10
[2024-12-30 15:16:12] Sale updated:
  Transaction ID: 6772559b7f3adcbe639f6239
  Product: Samsung S24
  Quantity: 4
  Total: 35600000
  Stock: 6 → 6
[2024-12-30 15:17:19] Sale updated:
  Transaction ID: 6772559b7f3adcbe639f6239
  Product: Samsung S24
  Quantity: 5
  Total: 44500000
  Stock: 6 → 6
[2024-12-30 15:18:58] Sale updated:
  Transaction ID: 6772559b7f3adcbe639f6239
  Product: Samsung S24
  Quantity: 6
  Total: 53400000
  Stock: 6 → 6
[2024-12-30 15:19:11] Sale updated:
  Transaction ID: 6772559b7f3adcbe639f6239
  Product: Samsung S24
  Quantity: 3
  Total: 26700000
  Stock: 6 → 6
[2024-12-30 15:20:19] Sale updated:
  Transaction ID: 6772559b7f3adcbe639f6239
  Product: Samsung S24
  Quantity: 4
  Total: 35600000
  Stock: 10 → -4
[2024-12-30 15:21:38] Deleted product: Samsung S24 (ID: 677223aebd73d265d8717848)
[2024-12-30 15:21:42] Deleted sale: 6772559b7f3adcbe639f6239
Product: Samsung S24
Quantity: 4
Total: 35600000
[2024-12-30 15:21:50] New sale recorded:
  Product: Infinix Zero 30
  Quantity: 3
  Total: 10499997
  Stock: 10 → 7
[2024-12-30 15:21:56] Sale updated:
  Transaction ID: 6772581e35b5c49246dfef46
  Product: Infinix Zero 30
  Quantity: 4
  Total: 13999996
  Stock: 7 → 7
[2024-12-30 15:24:35] Sale updated:
  Transaction ID: 6772581e35b5c49246dfef46
  Product: Infinix Zero 30
  Quantity: 5
  Total: 17499995
  Stock: 10 → 6
[2024-12-30 15:24:47] Sale updated:
  Transaction ID: 6772581e35b5c49246dfef46
  Product: Infinix Zero 30
  Quantity: 2
  Total: 6999998
  Stock: 14 → 9
[2024-12-30 15:24:54] Deleted sale: 6772581e35b5c49246dfef46
Product: Infinix Zero 30
Quantity: 2
Total: 6999998
[2024-12-30 15:25:04] New sale recorded:
  Product: Infinix Zero 30
  Quantity: 2
  Total: 6999998
  Stock: 11 → 9
[2024-12-30 15:25:38] Deleted sale: 677258e0868371b141d35be9
Product: Infinix Zero 30
Quantity: 2
Total: 6999998
[2024-12-30 15:36:59] Sale updated:
  Transaction ID: 67725b767d0e0e334e8f76da
  Product: Infinix Zero 30
  Quantity: 4
  Total: 13999996
  Stock: 8 → 5
[2024-12-30 15:37:03] Deleted sale: 67725b767d0e0e334e8f76da
Product: Infinix Zero 30
Quantity: 4
Total: 13999996
[2024-12-30 15:38:37] New sale recorded:
  Product: Infinix Zero 30
  Quantity: 2
  Total: 6999998
  Stock: 9 → 7
[2024-12-30 15:38:47] Deleted sale: 67725c0d3e3e9e26636dd85a
Product: Infinix Zero 30
Quantity: 2
Total: 6999998
[2024-12-30 15:39:35] New sale recorded:
  Product: Infinix Zero 30
  Quantity: 2
  Total: 6999998
  Stock: 9 → 7
[2024-12-30 15:39:42] Deleted sale: 67725c479691d0aeae335cc1
Product: Infinix Zero 30
Quantity: 2
Total: 6999998
[2024-12-30 15:39:53] New sale recorded:
  Product: Infinix Zero 30
  Quantity: 2
  Total: 6999998
  Stock: 9 → 7
[2024-12-30 15:40:00] Sale updated:
  Transaction ID: 67725c599691d0aeae335cc2
  Product: Infinix Zero 30
  Quantity: 3
  Total: 10499997
  Stock: 8 → 6
[2024-12-30 15:44:03] Deleted sale: 67725c599691d0aeae335cc2
Product: Infinix Zero 30
Quantity: 3
Total: 10499997
